<?xml version="1.0" encoding="UTF-8"?>
<!-- Generated by org.testng.reporters.JUnitXMLReporter -->
<testsuite hostname="DESKTOP-LPGNF41" ignored="0" name="myGrouping test" tests="3" failures="0" timestamp="2023-01-16T17:46:50 IST" time="0.055" errors="0">
  <testcase name="logina" time="0.007" classname="testNGtest.GroupingExamp"/>
  <testcase name="logins" time="0.002" classname="testNGtest.GroupingExamp"/>
  <testcase name="login" time="0.001" classname="testNGtest.GroupingExamp"/>
</testsuite> <!-- myGrouping test -->
