<?xml version="1.0" encoding="UTF-8"?>
<!-- Generated by org.testng.reporters.JUnitXMLReporter -->
<testsuite hostname="DESKTOP-LPGNF41" ignored="0" name="Default test" tests="3" failures="0" timestamp="2022-11-18T20:22:38 IST" time="6.302" errors="0">
  <testcase name="launch" time="5.673" classname="testNGtest.DependsMethod"/>
  <testcase name="login" time="0.57" classname="testNGtest.DependsMethod"/>
  <testcase name="next" time="0.0" classname="testNGtest.DependsMethod"/>
</testsuite> <!-- Default test -->
