<?xml version="1.0" encoding="UTF-8"?>
<testng-results skipped="0" failed="0" ignored="0" total="1" passed="1">
  <reporter-output>
    <line>
      <![CDATA[sssss]]>
    </line>
  </reporter-output>
  <suite name="Default suite" duration-ms="55" started-at="2022-11-25T16:16:59 IST" finished-at="2022-11-25T16:16:59 IST">
    <groups>
    </groups>
    <test name="Default test" duration-ms="55" started-at="2022-11-25T16:16:59 IST" finished-at="2022-11-25T16:16:59 IST">
      <class name="testNGtest.BasicTags">
        <test-method status="PASS" signature="ms()[pri:0, instance:testNGtest.BasicTags@481a15ff]" name="ms" is-config="true" duration-ms="12" started-at="2022-11-25T16:16:59 IST" finished-at="2022-11-25T16:16:59 IST">
          <reporter-output>
          </reporter-output>
        </test-method> <!-- ms -->
        <test-method status="PASS" signature="r()[pri:0, instance:testNGtest.BasicTags@481a15ff]" name="r" is-config="true" duration-ms="0" started-at="2022-11-25T16:16:59 IST" finished-at="2022-11-25T16:16:59 IST">
          <reporter-output>
          </reporter-output>
        </test-method> <!-- r -->
        <test-method status="PASS" signature="m()[pri:0, instance:testNGtest.BasicTags@481a15ff]" name="m" is-config="true" duration-ms="0" started-at="2022-11-25T16:16:59 IST" finished-at="2022-11-25T16:16:59 IST">
          <reporter-output>
          </reporter-output>
        </test-method> <!-- m -->
        <test-method status="PASS" signature="n()[pri:0, instance:testNGtest.BasicTags@481a15ff]" name="n" is-config="true" duration-ms="1" started-at="2022-11-25T16:16:59 IST" finished-at="2022-11-25T16:16:59 IST">
          <reporter-output>
            <line>
              <![CDATA[sssss]]>
            </line>
          </reporter-output>
        </test-method> <!-- n -->
        <test-method status="PASS" signature="s()[pri:0, instance:testNGtest.BasicTags@481a15ff]" name="s" duration-ms="8" started-at="2022-11-25T16:16:59 IST" finished-at="2022-11-25T16:16:59 IST">
          <reporter-output>
          </reporter-output>
        </test-method> <!-- s -->
        <test-method status="PASS" signature="na()[pri:0, instance:testNGtest.BasicTags@481a15ff]" name="na" is-config="true" duration-ms="1" started-at="2022-11-25T16:16:59 IST" finished-at="2022-11-25T16:16:59 IST">
          <reporter-output>
          </reporter-output>
        </test-method> <!-- na -->
        <test-method status="PASS" signature="mo()[pri:0, instance:testNGtest.BasicTags@481a15ff]" name="mo" is-config="true" duration-ms="1" started-at="2022-11-25T16:16:59 IST" finished-at="2022-11-25T16:16:59 IST">
          <reporter-output>
          </reporter-output>
        </test-method> <!-- mo -->
        <test-method status="PASS" signature="rz()[pri:0, instance:testNGtest.BasicTags@481a15ff]" name="rz" is-config="true" duration-ms="1" started-at="2022-11-25T16:16:59 IST" finished-at="2022-11-25T16:16:59 IST">
          <reporter-output>
          </reporter-output>
        </test-method> <!-- rz -->
        <test-method status="PASS" signature="mss()[pri:0, instance:testNGtest.BasicTags@481a15ff]" name="mss" is-config="true" duration-ms="0" started-at="2022-11-25T16:16:59 IST" finished-at="2022-11-25T16:16:59 IST">
          <reporter-output>
          </reporter-output>
        </test-method> <!-- mss -->
      </class> <!-- testNGtest.BasicTags -->
    </test> <!-- Default test -->
  </suite> <!-- Default suite -->
</testng-results>
