<?xml version="1.0" encoding="UTF-8"?>
<testng-results skipped="0" failed="0" ignored="0" total="2" passed="2">
  <reporter-output>
    <line>
      <![CDATA[sant  sacac]]>
    </line>
    <line>
      <![CDATA[vrj  keshke]]>
    </line>
  </reporter-output>
  <suite name="Default suite" duration-ms="97" started-at="2022-12-08T20:49:16 IST" finished-at="2022-12-08T20:49:16 IST">
    <groups>
    </groups>
    <test name="Default test" duration-ms="97" started-at="2022-12-08T20:49:16 IST" finished-at="2022-12-08T20:49:16 IST">
      <class name="testNGtest.DataProviderExamp">
        <test-method status="PASS" signature="test(java.lang.String,java.lang.String,java.lang.String)[pri:0, instance:testNGtest.DataProviderExamp@553a3d88]" name="test" duration-ms="14" started-at="2022-12-08T20:49:16 IST" data-provider="dtProvider" finished-at="2022-12-08T20:49:16 IST">
          <params>
            <param index="0">
              <value>
                <![CDATA[sant]]>
              </value>
            </param>
            <param index="1">
              <value>
                <![CDATA[sac]]>
              </value>
            </param>
            <param index="2">
              <value>
                <![CDATA[ac]]>
              </value>
            </param>
          </params>
          <reporter-output>
            <line>
              <![CDATA[sant  sacac]]>
            </line>
          </reporter-output>
        </test-method> <!-- test -->
        <test-method status="PASS" signature="test(java.lang.String,java.lang.String,java.lang.String)[pri:0, instance:testNGtest.DataProviderExamp@553a3d88]" name="test" duration-ms="4" started-at="2022-12-08T20:49:16 IST" data-provider="dtProvider" finished-at="2022-12-08T20:49:16 IST">
          <params>
            <param index="0">
              <value>
                <![CDATA[vrj]]>
              </value>
            </param>
            <param index="1">
              <value>
                <![CDATA[kesh]]>
              </value>
            </param>
            <param index="2">
              <value>
                <![CDATA[ke]]>
              </value>
            </param>
          </params>
          <reporter-output>
            <line>
              <![CDATA[vrj  keshke]]>
            </line>
          </reporter-output>
        </test-method> <!-- test -->
      </class> <!-- testNGtest.DataProviderExamp -->
    </test> <!-- Default test -->
  </suite> <!-- Default suite -->
</testng-results>
